2021-07-15 08:48:02,965 root  INFO   49 3876 MainThread 12524 D:\onedrive\OneDrive - ncist.edu.cn\project\mystock\logger\my_logger.py a start
2021-07-15 08:48:02,965 root  INFO   51 3876 MainThread 12524 D:\onedrive\OneDrive - ncist.edu.cn\project\mystock\logger\my_logger.py a finshed
2021-07-15 08:48:03,093 root  INFO   49 7140 Thread-1 12524 D:\onedrive\OneDrive - ncist.edu.cn\project\mystock\data\akshare\industry_concept.py save_concept_data start
2021-07-15 08:48:03,094 root  INFO   49 1552 Thread-2 12524 D:\onedrive\OneDrive - ncist.edu.cn\project\mystock\data\akshare\yjbb.py update_yjbb_to_db start
2021-07-15 08:48:03,094 root  INFO   49 1724 Thread-3 12524 D:\onedrive\OneDrive - ncist.edu.cn\project\mystock\data\akshare\north_net_flow.py save_north_data start
2021-07-15 08:48:08,432 root  INFO   51 7140 Thread-1 12524 D:\onedrive\OneDrive - ncist.edu.cn\project\mystock\data\akshare\industry_concept.py save_concept_data finshed
2021-07-15 08:48:08,432 root  INFO   49 7140 Thread-1 12524 D:\onedrive\OneDrive - ncist.edu.cn\project\mystock\data\akshare\industry_concept.py save_industry_data start
2021-07-15 08:48:13,785 root  INFO   51 1552 Thread-2 12524 D:\onedrive\OneDrive - ncist.edu.cn\project\mystock\data\akshare\yjbb.py update_yjbb_to_db finshed
2021-07-15 08:48:13,785 root  INFO   49 1552 Thread-2 12524 D:\onedrive\OneDrive - ncist.edu.cn\project\mystock\data\akshare\yjbb.py update_yjbb_to_db start
2021-07-15 08:48:15,100 root  INFO   51 7140 Thread-1 12524 D:\onedrive\OneDrive - ncist.edu.cn\project\mystock\data\akshare\industry_concept.py save_industry_data finshed
2021-07-15 08:48:16,083 root  INFO   51 1552 Thread-2 12524 D:\onedrive\OneDrive - ncist.edu.cn\project\mystock\data\akshare\yjbb.py update_yjbb_to_db finshed
2021-07-15 08:48:16,115 root  INFO   49 1552 Thread-2 12524 D:\onedrive\OneDrive - ncist.edu.cn\project\mystock\data\akshare\yjbb.py update_yjbb_to_db start
2021-07-15 08:48:48,038 root  INFO   51 1552 Thread-2 12524 D:\onedrive\OneDrive - ncist.edu.cn\project\mystock\data\akshare\yjbb.py update_yjbb_to_db finshed
2021-07-15 08:48:48,053 root  INFO   49 1552 Thread-2 12524 D:\onedrive\OneDrive - ncist.edu.cn\project\mystock\data\akshare\yjbb.py update_yjbb_to_db start
2021-07-15 08:50:03,753 root  INFO   51 1724 Thread-3 12524 D:\onedrive\OneDrive - ncist.edu.cn\project\mystock\data\akshare\north_net_flow.py save_north_data finshed
2021-07-15 08:53:14,467 root  INFO   51 1552 Thread-2 12524 D:\onedrive\OneDrive - ncist.edu.cn\project\mystock\data\akshare\yjbb.py update_yjbb_to_db finshed
2021-07-15 08:53:14,468 root  INFO   49 1552 Thread-2 12524 D:\onedrive\OneDrive - ncist.edu.cn\project\mystock\data\akshare\yjbb.py update_yjbb_to_db start
2021-07-15 08:53:15,656 root  INFO   51 1552 Thread-2 12524 D:\onedrive\OneDrive - ncist.edu.cn\project\mystock\data\akshare\yjbb.py update_yjbb_to_db finshed
2021-07-15 08:53:15,656 root  INFO   49 1552 Thread-2 12524 D:\onedrive\OneDrive - ncist.edu.cn\project\mystock\data\akshare\yjbb.py update_yjbb_to_db start
2021-07-15 08:53:16,847 root  INFO   51 1552 Thread-2 12524 D:\onedrive\OneDrive - ncist.edu.cn\project\mystock\data\akshare\yjbb.py update_yjbb_to_db finshed
2021-07-15 08:53:16,847 root  INFO   49 1552 Thread-2 12524 D:\onedrive\OneDrive - ncist.edu.cn\project\mystock\data\akshare\yjbb.py update_yjbb_to_db start
2021-07-15 08:53:22,749 root  INFO   51 1552 Thread-2 12524 D:\onedrive\OneDrive - ncist.edu.cn\project\mystock\data\akshare\yjbb.py update_yjbb_to_db finshed
2021-07-15 08:57:06,139 root  INFO   49 3876 MainThread 12524 D:\onedrive\OneDrive - ncist.edu.cn\project\mystock\data\baostack\baseImport.py dataimport start
2021-07-15 09:00:20,473 root  INFO   51 3876 MainThread 12524 D:\onedrive\OneDrive - ncist.edu.cn\project\mystock\data\baostack\baseImport.py dataimport finshed
2021-07-15 09:01:20,682 root  INFO   49 3876 MainThread 12524 D:\onedrive\OneDrive - ncist.edu.cn\project\mystock\data\baostack\baseImport.py dataimport start
2021-07-15 09:04:38,176 root  INFO   51 3876 MainThread 12524 D:\onedrive\OneDrive - ncist.edu.cn\project\mystock\data\baostack\baseImport.py dataimport finshed
2021-07-15 09:05:38,527 root  INFO   49 3876 MainThread 12524 D:\onedrive\OneDrive - ncist.edu.cn\project\mystock\data\baostack\baseImport.py dataimport start
2021-07-15 09:08:55,908 root  INFO   51 3876 MainThread 12524 D:\onedrive\OneDrive - ncist.edu.cn\project\mystock\data\baostack\baseImport.py dataimport finshed
2021-07-15 09:09:56,184 root  INFO   49 3876 MainThread 12524 D:\onedrive\OneDrive - ncist.edu.cn\project\mystock\data\baostack\baseImport.py dataimport start
2021-07-15 09:13:17,982 root  INFO   51 3876 MainThread 12524 D:\onedrive\OneDrive - ncist.edu.cn\project\mystock\data\baostack\baseImport.py dataimport finshed
2021-07-15 09:14:18,238 root  INFO   49 3876 MainThread 12524 D:\onedrive\OneDrive - ncist.edu.cn\project\mystock\data\baostack\baseImport.py dataimport start
2021-07-15 09:17:41,968 root  INFO   51 3876 MainThread 12524 D:\onedrive\OneDrive - ncist.edu.cn\project\mystock\data\baostack\baseImport.py dataimport finshed
2021-07-15 09:18:42,167 root  INFO   49 3876 MainThread 12524 D:\onedrive\OneDrive - ncist.edu.cn\project\mystock\data\baostack\baseImport.py dataimport start
2021-07-15 09:22:04,131 root  INFO   51 3876 MainThread 12524 D:\onedrive\OneDrive - ncist.edu.cn\project\mystock\data\baostack\baseImport.py dataimport finshed
2021-07-15 09:23:04,361 data.baostack.importReportData  INFO   41 3876 MainThread 12524 tb_performance_express_report start
2021-07-15 09:29:32,861 data.baostack.importReportData  INFO   41 3876 MainThread 12524 tb_forecast_report start
2021-07-15 21:22:53,553 root  INFO   49 8968 MainThread 12056 C:\Users\OneDrive - ncist.edu.cn\project\mystock\logger\my_logger.py a start
2021-07-15 21:22:53,553 root  INFO   51 8968 MainThread 12056 C:\Users\OneDrive - ncist.edu.cn\project\mystock\logger\my_logger.py a finshed
2021-07-15 21:22:53,614 root  INFO   49 16452 Thread-1 12056 C:\Users\OneDrive - ncist.edu.cn\project\mystock\data\akshare\industry_concept.py save_concept_data start
2021-07-15 21:22:53,615 root  INFO   49 1432 Thread-2 12056 C:\Users\OneDrive - ncist.edu.cn\project\mystock\data\akshare\yjbb.py update_yjbb_to_db start
2021-07-15 21:22:53,615 root  INFO   49 15844 Thread-3 12056 C:\Users\OneDrive - ncist.edu.cn\project\mystock\data\akshare\north_net_flow.py save_north_data start
2021-07-15 21:22:58,390 root  INFO   51 1432 Thread-2 12056 C:\Users\OneDrive - ncist.edu.cn\project\mystock\data\akshare\yjbb.py update_yjbb_to_db finshed
2021-07-15 21:22:58,390 root  INFO   49 1432 Thread-2 12056 C:\Users\OneDrive - ncist.edu.cn\project\mystock\data\akshare\yjbb.py update_yjbb_to_db start
2021-07-15 21:22:58,703 root  INFO   51 1432 Thread-2 12056 C:\Users\OneDrive - ncist.edu.cn\project\mystock\data\akshare\yjbb.py update_yjbb_to_db finshed
2021-07-15 21:22:58,719 root  INFO   49 1432 Thread-2 12056 C:\Users\OneDrive - ncist.edu.cn\project\mystock\data\akshare\yjbb.py update_yjbb_to_db start
2021-07-15 21:23:24,242 root  INFO   51 1432 Thread-2 12056 C:\Users\OneDrive - ncist.edu.cn\project\mystock\data\akshare\yjbb.py update_yjbb_to_db finshed
2021-07-15 21:23:24,242 root  INFO   49 1432 Thread-2 12056 C:\Users\OneDrive - ncist.edu.cn\project\mystock\data\akshare\yjbb.py update_yjbb_to_db start
2021-07-15 21:24:12,287 root  INFO   51 15844 Thread-3 12056 C:\Users\OneDrive - ncist.edu.cn\project\mystock\data\akshare\north_net_flow.py save_north_data finshed
2021-07-15 21:26:58,478 root  INFO   51 1432 Thread-2 12056 C:\Users\OneDrive - ncist.edu.cn\project\mystock\data\akshare\yjbb.py update_yjbb_to_db finshed
2021-07-15 21:26:58,478 root  INFO   49 1432 Thread-2 12056 C:\Users\OneDrive - ncist.edu.cn\project\mystock\data\akshare\yjbb.py update_yjbb_to_db start
2021-07-15 21:26:58,969 root  INFO   51 1432 Thread-2 12056 C:\Users\OneDrive - ncist.edu.cn\project\mystock\data\akshare\yjbb.py update_yjbb_to_db finshed
2021-07-15 21:26:58,969 root  INFO   49 1432 Thread-2 12056 C:\Users\OneDrive - ncist.edu.cn\project\mystock\data\akshare\yjbb.py update_yjbb_to_db start
2021-07-15 21:26:59,457 root  INFO   51 1432 Thread-2 12056 C:\Users\OneDrive - ncist.edu.cn\project\mystock\data\akshare\yjbb.py update_yjbb_to_db finshed
2021-07-15 21:26:59,457 root  INFO   49 1432 Thread-2 12056 C:\Users\OneDrive - ncist.edu.cn\project\mystock\data\akshare\yjbb.py update_yjbb_to_db start
2021-07-15 21:26:59,955 root  INFO   51 1432 Thread-2 12056 C:\Users\OneDrive - ncist.edu.cn\project\mystock\data\akshare\yjbb.py update_yjbb_to_db finshed
2021-07-15 21:31:46,529 root  ERROR   54 16452 Thread-1 12056 C:\Users\OneDrive - ncist.edu.cn\project\mystock\data\akshare\industry_concept.py save_concept_data error
2021-07-15 21:31:46,529 root  ERROR   55 16452 Thread-1 12056 Traceback (most recent call last):
  File "C:\Program Files\python37\lib\site-packages\urllib3\response.py", line 696, in _update_chunk_length
    self.chunk_left = int(line, 16)
ValueError: invalid literal for int() with base 16: b''

During handling of the above exception, another exception occurred:

Traceback (most recent call last):
  File "C:\Program Files\python37\lib\site-packages\urllib3\response.py", line 436, in _error_catcher
    yield
  File "C:\Program Files\python37\lib\site-packages\urllib3\response.py", line 763, in read_chunked
    self._update_chunk_length()
  File "C:\Program Files\python37\lib\site-packages\urllib3\response.py", line 700, in _update_chunk_length
    raise httplib.IncompleteRead(line)
http.client.IncompleteRead: IncompleteRead(0 bytes read)

During handling of the above exception, another exception occurred:

Traceback (most recent call last):
  File "C:\Program Files\python37\lib\requests\models.py", line 751, in generate
    for chunk in self.raw.stream(chunk_size, decode_content=True):
  File "C:\Program Files\python37\lib\site-packages\urllib3\response.py", line 571, in stream
    for line in self.read_chunked(amt, decode_content=decode_content):
  File "C:\Program Files\python37\lib\site-packages\urllib3\response.py", line 792, in read_chunked
    self._original_response.close()
  File "C:\Program Files\python37\lib\contextlib.py", line 130, in __exit__
    self.gen.throw(type, value, traceback)
  File "C:\Program Files\python37\lib\site-packages\urllib3\response.py", line 454, in _error_catcher
    raise ProtocolError("Connection broken: %r" % e, e)
urllib3.exceptions.ProtocolError: ('Connection broken: IncompleteRead(0 bytes read)', IncompleteRead(0 bytes read))

During handling of the above exception, another exception occurred:

Traceback (most recent call last):
  File "C:\Users\OneDrive - ncist.edu.cn\project\mystock\logger\my_logger.py", line 50, in wrapped_function
    res=func(*args, **kwargs)
  File "C:\Users\OneDrive - ncist.edu.cn\project\mystock\data\akshare\industry_concept.py", line 123, in save_concept_data
    names = query_concept_names()
  File "C:\Users\OneDrive - ncist.edu.cn\project\mystock\data\akshare\industry_concept.py", line 22, in query_concept_names
    data=ak.stock_board_concept_name_ths()
  File "C:\Program Files\python37\lib\site-packages\akshare\stock_feature\stock_board_concept_ths.py", line 60, in stock_board_concept_name_ths
    r = requests.get(url, headers=headers)
  File "C:\Program Files\python37\lib\requests\api.py", line 76, in get
    return request('get', url, params=params, **kwargs)
  File "C:\Program Files\python37\lib\requests\api.py", line 61, in request
    return session.request(method=method, url=url, **kwargs)
  File "C:\Program Files\python37\lib\requests\sessions.py", line 530, in request
    resp = self.send(prep, **send_kwargs)
  File "C:\Program Files\python37\lib\requests\sessions.py", line 683, in send
    r.content
  File "C:\Program Files\python37\lib\requests\models.py", line 829, in content
    self._content = b''.join(self.iter_content(CONTENT_CHUNK_SIZE)) or b''
  File "C:\Program Files\python37\lib\requests\models.py", line 754, in generate
    raise ChunkedEncodingError(e)
requests.exceptions.ChunkedEncodingError: ('Connection broken: IncompleteRead(0 bytes read)', IncompleteRead(0 bytes read))

2021-07-15 21:31:46,529 root  INFO   49 16452 Thread-1 12056 C:\Users\OneDrive - ncist.edu.cn\project\mystock\data\akshare\industry_concept.py save_industry_data start
2021-07-15 21:38:21,938 root  INFO   49 8968 MainThread 12056 C:\Users\OneDrive - ncist.edu.cn\project\mystock\data\baostack\baseImport.py dataimport start
2021-07-15 21:39:06,957 root  INFO   51 8968 MainThread 12056 C:\Users\OneDrive - ncist.edu.cn\project\mystock\data\baostack\baseImport.py dataimport finshed
2021-07-15 21:40:06,998 root  INFO   49 8968 MainThread 12056 C:\Users\OneDrive - ncist.edu.cn\project\mystock\data\baostack\baseImport.py dataimport start
2021-07-15 21:40:51,598 root  INFO   51 8968 MainThread 12056 C:\Users\OneDrive - ncist.edu.cn\project\mystock\data\baostack\baseImport.py dataimport finshed
2021-07-15 21:41:51,634 root  INFO   49 8968 MainThread 12056 C:\Users\OneDrive - ncist.edu.cn\project\mystock\data\baostack\baseImport.py dataimport start
2021-07-15 21:42:36,881 root  INFO   51 8968 MainThread 12056 C:\Users\OneDrive - ncist.edu.cn\project\mystock\data\baostack\baseImport.py dataimport finshed
2021-07-15 21:43:36,955 root  INFO   49 8968 MainThread 12056 C:\Users\OneDrive - ncist.edu.cn\project\mystock\data\baostack\baseImport.py dataimport start
2021-07-15 21:44:22,480 root  INFO   51 8968 MainThread 12056 C:\Users\OneDrive - ncist.edu.cn\project\mystock\data\baostack\baseImport.py dataimport finshed
2021-07-15 21:45:22,546 root  INFO   49 8968 MainThread 12056 C:\Users\OneDrive - ncist.edu.cn\project\mystock\data\baostack\baseImport.py dataimport start
2021-07-15 21:46:09,588 root  INFO   51 8968 MainThread 12056 C:\Users\OneDrive - ncist.edu.cn\project\mystock\data\baostack\baseImport.py dataimport finshed
2021-07-15 21:47:09,614 root  INFO   49 8968 MainThread 12056 C:\Users\OneDrive - ncist.edu.cn\project\mystock\data\baostack\baseImport.py dataimport start
2021-07-15 21:47:55,661 root  INFO   51 8968 MainThread 12056 C:\Users\OneDrive - ncist.edu.cn\project\mystock\data\baostack\baseImport.py dataimport finshed
2021-07-15 21:48:55,710 data.baostack.importReportData  INFO   41 8968 MainThread 12056 tb_performance_express_report start
2021-07-15 21:56:08,452 data.baostack.importReportData  INFO   41 8968 MainThread 12056 tb_forecast_report start
2021-07-16 00:34:34,715 root  INFO   51 16452 Thread-1 12056 C:\Users\OneDrive - ncist.edu.cn\project\mystock\data\akshare\industry_concept.py save_industry_data finshed
