2021-07-14 11:08:51,758 root  INFO   49 840 MainThread 2396 D:\onedrive\OneDrive - ncist.edu.cn\project\mystock\logger\my_logger.py a start
2021-07-14 11:08:51,758 root  INFO   51 840 MainThread 2396 D:\onedrive\OneDrive - ncist.edu.cn\project\mystock\logger\my_logger.py a finshed
2021-07-14 11:08:51,953 root  INFO   49 7464 Thread-1 2396 D:\onedrive\OneDrive - ncist.edu.cn\project\mystock\data\akshare\industry_concept.py save_concept_data start
2021-07-14 11:08:51,954 root  INFO   49 10604 Thread-2 2396 D:\onedrive\OneDrive - ncist.edu.cn\project\mystock\data\akshare\yjbb.py update_yjbb_to_db start
2021-07-14 11:08:51,955 root  INFO   49 11544 Thread-3 2396 D:\onedrive\OneDrive - ncist.edu.cn\project\mystock\data\akshare\north_net_flow.py save_north_data start
2021-07-14 11:08:56,688 root  INFO   51 10604 Thread-2 2396 D:\onedrive\OneDrive - ncist.edu.cn\project\mystock\data\akshare\yjbb.py update_yjbb_to_db finshed
2021-07-14 11:08:56,720 root  INFO   49 10604 Thread-2 2396 D:\onedrive\OneDrive - ncist.edu.cn\project\mystock\data\akshare\yjbb.py update_yjbb_to_db start
2021-07-14 11:09:00,968 root  INFO   51 10604 Thread-2 2396 D:\onedrive\OneDrive - ncist.edu.cn\project\mystock\data\akshare\yjbb.py update_yjbb_to_db finshed
2021-07-14 11:09:01,030 root  INFO   49 10604 Thread-2 2396 D:\onedrive\OneDrive - ncist.edu.cn\project\mystock\data\akshare\yjbb.py update_yjbb_to_db start
2021-07-14 11:09:24,992 root  INFO   51 10604 Thread-2 2396 D:\onedrive\OneDrive - ncist.edu.cn\project\mystock\data\akshare\yjbb.py update_yjbb_to_db finshed
2021-07-14 11:09:24,992 root  INFO   49 10604 Thread-2 2396 D:\onedrive\OneDrive - ncist.edu.cn\project\mystock\data\akshare\yjbb.py update_yjbb_to_db start
2021-07-14 11:11:50,252 root  INFO   51 11544 Thread-3 2396 D:\onedrive\OneDrive - ncist.edu.cn\project\mystock\data\akshare\north_net_flow.py save_north_data finshed
2021-07-14 11:13:44,521 root  INFO   51 10604 Thread-2 2396 D:\onedrive\OneDrive - ncist.edu.cn\project\mystock\data\akshare\yjbb.py update_yjbb_to_db finshed
2021-07-14 11:13:44,521 root  INFO   49 10604 Thread-2 2396 D:\onedrive\OneDrive - ncist.edu.cn\project\mystock\data\akshare\yjbb.py update_yjbb_to_db start
2021-07-14 11:13:45,228 root  INFO   51 10604 Thread-2 2396 D:\onedrive\OneDrive - ncist.edu.cn\project\mystock\data\akshare\yjbb.py update_yjbb_to_db finshed
2021-07-14 11:13:45,228 root  INFO   49 10604 Thread-2 2396 D:\onedrive\OneDrive - ncist.edu.cn\project\mystock\data\akshare\yjbb.py update_yjbb_to_db start
2021-07-14 11:13:45,981 root  INFO   51 10604 Thread-2 2396 D:\onedrive\OneDrive - ncist.edu.cn\project\mystock\data\akshare\yjbb.py update_yjbb_to_db finshed
2021-07-14 11:13:45,982 root  INFO   49 10604 Thread-2 2396 D:\onedrive\OneDrive - ncist.edu.cn\project\mystock\data\akshare\yjbb.py update_yjbb_to_db start
2021-07-14 11:13:51,118 root  INFO   51 10604 Thread-2 2396 D:\onedrive\OneDrive - ncist.edu.cn\project\mystock\data\akshare\yjbb.py update_yjbb_to_db finshed
2021-07-14 11:14:09,843 root  ERROR   54 7464 Thread-1 2396 D:\onedrive\OneDrive - ncist.edu.cn\project\mystock\data\akshare\industry_concept.py save_concept_data error
2021-07-14 11:14:09,843 root  ERROR   55 7464 Thread-1 2396 Traceback (most recent call last):
  File "C:\Program Files\Python37\lib\site-packages\pymysql\connections.py", line 683, in _read_bytes
    data = self._rfile.read(num_bytes)
  File "C:\Program Files\Python37\lib\socket.py", line 589, in readinto
    return self._sock.recv_into(b)
TimeoutError: [WinError 10060] 由于连接方在一段时间后没有正确答复或连接的主机没有反应，连接尝试失败。

During handling of the above exception, another exception occurred:

Traceback (most recent call last):
  File "C:\Program Files\Python37\lib\site-packages\sqlalchemy\engine\base.py", line 1277, in _execute_context
    cursor, statement, parameters, context
  File "C:\Program Files\Python37\lib\site-packages\sqlalchemy\engine\default.py", line 609, in do_execute
    cursor.execute(statement, parameters)
  File "C:\Program Files\Python37\lib\site-packages\pymysql\cursors.py", line 163, in execute
    result = self._query(query)
  File "C:\Program Files\Python37\lib\site-packages\pymysql\cursors.py", line 321, in _query
    conn.query(q)
  File "C:\Program Files\Python37\lib\site-packages\pymysql\connections.py", line 505, in query
    self._affected_rows = self._read_query_result(unbuffered=unbuffered)
  File "C:\Program Files\Python37\lib\site-packages\pymysql\connections.py", line 724, in _read_query_result
    result.read()
  File "C:\Program Files\Python37\lib\site-packages\pymysql\connections.py", line 1069, in read
    first_packet = self.connection._read_packet()
  File "C:\Program Files\Python37\lib\site-packages\pymysql\connections.py", line 646, in _read_packet
    packet_header = self._read_bytes(4)
  File "C:\Program Files\Python37\lib\site-packages\pymysql\connections.py", line 691, in _read_bytes
    "Lost connection to MySQL server during query (%s)" % (e,))
pymysql.err.OperationalError: (2013, 'Lost connection to MySQL server during query ([WinError 10060] 由于连接方在一段时间后没有正确答复或连接的主机没有反应，连接尝试失败。)')

The above exception was the direct cause of the following exception:

Traceback (most recent call last):
  File "D:\onedrive\OneDrive - ncist.edu.cn\project\mystock\logger\my_logger.py", line 50, in wrapped_function
    res=func(*args, **kwargs)
  File "D:\onedrive\OneDrive - ncist.edu.cn\project\mystock\data\akshare\industry_concept.py", line 145, in save_concept_data
    data.to_sql(infotable+'_his', con=engine, if_exists='append', index=False)
  File "C:\Program Files\Python37\lib\site-packages\pandas\core\generic.py", line 2880, in to_sql
    method=method,
  File "C:\Program Files\Python37\lib\site-packages\pandas\io\sql.py", line 728, in to_sql
    **engine_kwargs,
  File "C:\Program Files\Python37\lib\site-packages\pandas\io\sql.py", line 1758, in to_sql
    dtype=dtype,
  File "C:\Program Files\Python37\lib\site-packages\pandas\io\sql.py", line 1650, in prep_table
    table.create()
  File "C:\Program Files\Python37\lib\site-packages\pandas\io\sql.py", line 856, in create
    if self.exists():
  File "C:\Program Files\Python37\lib\site-packages\pandas\io\sql.py", line 840, in exists
    return self.pd_sql.has_table(self.name, self.schema)
  File "C:\Program Files\Python37\lib\site-packages\pandas\io\sql.py", line 1787, in has_table
    self.connectable.dialect.has_table, name, schema or self.meta.schema
  File "C:\Program Files\Python37\lib\site-packages\sqlalchemy\engine\base.py", line 2212, in run_callable
    return conn.run_callable(callable_, *args, **kwargs)
  File "C:\Program Files\Python37\lib\site-packages\sqlalchemy\engine\base.py", line 1653, in run_callable
    return callable_(self, *args, **kwargs)
  File "C:\Program Files\Python37\lib\site-packages\sqlalchemy\dialects\mysql\base.py", line 2610, in has_table
    ).execute(st)
  File "C:\Program Files\Python37\lib\site-packages\sqlalchemy\engine\base.py", line 1003, in execute
    return self._execute_text(object_, multiparams, params)
  File "C:\Program Files\Python37\lib\site-packages\sqlalchemy\engine\base.py", line 1178, in _execute_text
    parameters,
  File "C:\Program Files\Python37\lib\site-packages\sqlalchemy\engine\base.py", line 1317, in _execute_context
    e, statement, parameters, cursor, context
  File "C:\Program Files\Python37\lib\site-packages\sqlalchemy\engine\base.py", line 1511, in _handle_dbapi_exception
    sqlalchemy_exception, with_traceback=exc_info[2], from_=e
  File "C:\Program Files\Python37\lib\site-packages\sqlalchemy\util\compat.py", line 182, in raise_
    raise exception
  File "C:\Program Files\Python37\lib\site-packages\sqlalchemy\engine\base.py", line 1277, in _execute_context
    cursor, statement, parameters, context
  File "C:\Program Files\Python37\lib\site-packages\sqlalchemy\engine\default.py", line 609, in do_execute
    cursor.execute(statement, parameters)
  File "C:\Program Files\Python37\lib\site-packages\pymysql\cursors.py", line 163, in execute
    result = self._query(query)
  File "C:\Program Files\Python37\lib\site-packages\pymysql\cursors.py", line 321, in _query
    conn.query(q)
  File "C:\Program Files\Python37\lib\site-packages\pymysql\connections.py", line 505, in query
    self._affected_rows = self._read_query_result(unbuffered=unbuffered)
  File "C:\Program Files\Python37\lib\site-packages\pymysql\connections.py", line 724, in _read_query_result
    result.read()
  File "C:\Program Files\Python37\lib\site-packages\pymysql\connections.py", line 1069, in read
    first_packet = self.connection._read_packet()
  File "C:\Program Files\Python37\lib\site-packages\pymysql\connections.py", line 646, in _read_packet
    packet_header = self._read_bytes(4)
  File "C:\Program Files\Python37\lib\site-packages\pymysql\connections.py", line 691, in _read_bytes
    "Lost connection to MySQL server during query (%s)" % (e,))
sqlalchemy.exc.OperationalError: (pymysql.err.OperationalError) (2013, 'Lost connection to MySQL server during query ([WinError 10060] 由于连接方在一段时间后没有正确答复或连接的主机没有反应，连接尝试失败。)')
[SQL: DESCRIBE `tb_ak_concept_infos_his`]
(Background on this error at: http://sqlalche.me/e/13/e3q8)

2021-07-14 11:14:09,851 root  INFO   49 7464 Thread-1 2396 D:\onedrive\OneDrive - ncist.edu.cn\project\mystock\data\akshare\industry_concept.py save_industry_data start
2021-07-14 11:14:17,353 root  INFO   49 3216 MainThread 13968 D:\onedrive\OneDrive - ncist.edu.cn\project\mystock\logger\my_logger.py a start
2021-07-14 11:14:17,353 root  INFO   51 3216 MainThread 13968 D:\onedrive\OneDrive - ncist.edu.cn\project\mystock\logger\my_logger.py a finshed
2021-07-14 11:14:17,380 root  INFO   49 824 Thread-1 13968 D:\onedrive\OneDrive - ncist.edu.cn\project\mystock\data\akshare\industry_concept.py save_concept_data start
2021-07-14 11:14:17,380 root  INFO   49 3480 Thread-2 13968 D:\onedrive\OneDrive - ncist.edu.cn\project\mystock\data\akshare\yjbb.py update_yjbb_to_db start
2021-07-14 11:14:17,381 root  INFO   49 6012 Thread-3 13968 D:\onedrive\OneDrive - ncist.edu.cn\project\mystock\data\akshare\north_net_flow.py save_north_data start
2021-07-14 11:14:17,511 root  INFO   51 3480 Thread-2 13968 D:\onedrive\OneDrive - ncist.edu.cn\project\mystock\data\akshare\yjbb.py update_yjbb_to_db finshed
2021-07-14 11:14:17,513 root  INFO   51 6012 Thread-3 13968 D:\onedrive\OneDrive - ncist.edu.cn\project\mystock\data\akshare\north_net_flow.py save_north_data finshed
2021-07-14 11:14:17,513 root  INFO   49 3480 Thread-2 13968 D:\onedrive\OneDrive - ncist.edu.cn\project\mystock\data\akshare\yjbb.py update_yjbb_to_db start
2021-07-14 11:14:17,623 root  INFO   51 3480 Thread-2 13968 D:\onedrive\OneDrive - ncist.edu.cn\project\mystock\data\akshare\yjbb.py update_yjbb_to_db finshed
2021-07-14 11:14:17,623 root  INFO   49 3480 Thread-2 13968 D:\onedrive\OneDrive - ncist.edu.cn\project\mystock\data\akshare\yjbb.py update_yjbb_to_db start
2021-07-14 11:14:18,038 root  INFO   51 3480 Thread-2 13968 D:\onedrive\OneDrive - ncist.edu.cn\project\mystock\data\akshare\yjbb.py update_yjbb_to_db finshed
2021-07-14 11:14:18,038 root  INFO   49 3480 Thread-2 13968 D:\onedrive\OneDrive - ncist.edu.cn\project\mystock\data\akshare\yjbb.py update_yjbb_to_db start
2021-07-14 11:14:18,117 root  INFO   51 3480 Thread-2 13968 D:\onedrive\OneDrive - ncist.edu.cn\project\mystock\data\akshare\yjbb.py update_yjbb_to_db finshed
2021-07-14 11:14:18,117 root  INFO   49 3480 Thread-2 13968 D:\onedrive\OneDrive - ncist.edu.cn\project\mystock\data\akshare\yjbb.py update_yjbb_to_db start
2021-07-14 11:14:18,156 root  INFO   51 824 Thread-1 13968 D:\onedrive\OneDrive - ncist.edu.cn\project\mystock\data\akshare\industry_concept.py save_concept_data finshed
2021-07-14 11:14:18,157 root  INFO   49 824 Thread-1 13968 D:\onedrive\OneDrive - ncist.edu.cn\project\mystock\data\akshare\industry_concept.py save_industry_data start
2021-07-14 11:14:18,194 root  INFO   51 3480 Thread-2 13968 D:\onedrive\OneDrive - ncist.edu.cn\project\mystock\data\akshare\yjbb.py update_yjbb_to_db finshed
2021-07-14 11:14:18,194 root  INFO   49 3480 Thread-2 13968 D:\onedrive\OneDrive - ncist.edu.cn\project\mystock\data\akshare\yjbb.py update_yjbb_to_db start
2021-07-14 11:14:18,489 root  INFO   51 3480 Thread-2 13968 D:\onedrive\OneDrive - ncist.edu.cn\project\mystock\data\akshare\yjbb.py update_yjbb_to_db finshed
2021-07-14 11:14:18,489 root  INFO   49 3480 Thread-2 13968 D:\onedrive\OneDrive - ncist.edu.cn\project\mystock\data\akshare\yjbb.py update_yjbb_to_db start
2021-07-14 11:14:18,572 root  INFO   51 3480 Thread-2 13968 D:\onedrive\OneDrive - ncist.edu.cn\project\mystock\data\akshare\yjbb.py update_yjbb_to_db finshed
2021-07-14 11:14:18,941 root  INFO   51 824 Thread-1 13968 D:\onedrive\OneDrive - ncist.edu.cn\project\mystock\data\akshare\industry_concept.py save_industry_data finshed
2021-07-14 11:14:30,585 root  INFO   49 3216 MainThread 13968 D:\onedrive\OneDrive - ncist.edu.cn\project\mystock\data\baostack\baseImport.py dataimport start
2021-07-14 11:17:51,408 root  INFO   51 3216 MainThread 13968 D:\onedrive\OneDrive - ncist.edu.cn\project\mystock\data\baostack\baseImport.py dataimport finshed
2021-07-14 11:18:51,589 root  INFO   49 3216 MainThread 13968 D:\onedrive\OneDrive - ncist.edu.cn\project\mystock\data\baostack\baseImport.py dataimport start
2021-07-14 11:19:30,518 root  INFO   49 840 MainThread 2396 D:\onedrive\OneDrive - ncist.edu.cn\project\mystock\data\baostack\baseImport.py dataimport start
2021-07-14 11:21:12,242 root  INFO   51 840 MainThread 2396 D:\onedrive\OneDrive - ncist.edu.cn\project\mystock\data\baostack\baseImport.py dataimport finshed
2021-07-14 11:22:12,531 root  INFO   49 840 MainThread 2396 D:\onedrive\OneDrive - ncist.edu.cn\project\mystock\data\baostack\baseImport.py dataimport start
2021-07-14 11:22:19,055 root  INFO   51 3216 MainThread 13968 D:\onedrive\OneDrive - ncist.edu.cn\project\mystock\data\baostack\baseImport.py dataimport finshed
2021-07-14 11:23:19,242 root  INFO   49 3216 MainThread 13968 D:\onedrive\OneDrive - ncist.edu.cn\project\mystock\data\baostack\baseImport.py dataimport start
2021-07-14 11:23:49,659 root  INFO   51 840 MainThread 2396 D:\onedrive\OneDrive - ncist.edu.cn\project\mystock\data\baostack\baseImport.py dataimport finshed
2021-07-14 11:24:49,834 root  INFO   49 840 MainThread 2396 D:\onedrive\OneDrive - ncist.edu.cn\project\mystock\data\baostack\baseImport.py dataimport start
2021-07-14 11:25:53,041 root  INFO   51 7464 Thread-1 2396 D:\onedrive\OneDrive - ncist.edu.cn\project\mystock\data\akshare\industry_concept.py save_industry_data finshed
2021-07-14 11:26:20,537 root  INFO   51 840 MainThread 2396 D:\onedrive\OneDrive - ncist.edu.cn\project\mystock\data\baostack\baseImport.py dataimport finshed
2021-07-14 11:26:38,482 root  INFO   51 3216 MainThread 13968 D:\onedrive\OneDrive - ncist.edu.cn\project\mystock\data\baostack\baseImport.py dataimport finshed
2021-07-14 11:27:20,794 root  INFO   49 840 MainThread 2396 D:\onedrive\OneDrive - ncist.edu.cn\project\mystock\data\baostack\baseImport.py dataimport start
2021-07-14 11:28:38,831 root  INFO   49 3216 MainThread 13968 D:\onedrive\OneDrive - ncist.edu.cn\project\mystock\data\baostack\baseImport.py dataimport start
2021-07-14 11:28:44,730 root  INFO   51 840 MainThread 2396 D:\onedrive\OneDrive - ncist.edu.cn\project\mystock\data\baostack\baseImport.py dataimport finshed
2021-07-14 11:29:44,942 root  INFO   49 840 MainThread 2396 D:\onedrive\OneDrive - ncist.edu.cn\project\mystock\data\baostack\baseImport.py dataimport start
2021-07-14 11:31:09,187 root  INFO   51 840 MainThread 2396 D:\onedrive\OneDrive - ncist.edu.cn\project\mystock\data\baostack\baseImport.py dataimport finshed
2021-07-14 11:31:56,382 root  INFO   51 3216 MainThread 13968 D:\onedrive\OneDrive - ncist.edu.cn\project\mystock\data\baostack\baseImport.py dataimport finshed
2021-07-14 11:32:09,446 data.baostack.importReportData  INFO   41 840 MainThread 2396 tb_performance_express_report start
2021-07-14 11:33:56,797 data.baostack.importReportData  INFO   41 3216 MainThread 13968 tb_performance_express_report start
2021-07-14 11:37:32,431 data.baostack.importReportData  INFO   41 840 MainThread 2396 tb_forecast_report start
2021-07-14 11:39:37,098 data.baostack.importReportData  INFO   41 3216 MainThread 13968 tb_forecast_report start
